[Tue Mar 10 22:19:01 2026
] GET name
[Tue Mar 10 22:19:18 2026
] SET name Ram
[Tue Mar 10 22:19:25 2026
] GET name
[Tue Mar 10 22:19:44 2026
] SET name KRsna
[Tue Mar 10 22:19:54 2026
] EXPIRE name 10
[Tue Mar 10 22:20:00 2026
] GET name
[Tue Mar 10 22:20:40 2026
] GET name
[Tue Mar 10 22:21:03 2026
] GET name
[Tue Mar 10 22:21:53 2026
] GET name
[Tue Mar 10 22:22:18 2026
] INFO
[Tue Mar 10 22:22:27 2026
] KEYS
[Tue Mar 10 22:22:45 2026
] EXISTS dd
[Tue Mar 10 22:23:00 2026
] EXISTS KRsna
[Tue Mar 10 22:35:44 2026
] SET name SANTHU
[Tue Mar 10 22:36:01 2026
] REPLICA
[Tue Mar 10 22:36:38 2026
] SET city HYDERABAD
[Tue Mar 10 22:37:41 2026
] GET name
[Tue Mar 10 22:42:59 2026
] GET name
[Tue Mar 10 22:43:20 2026
] GET city
[Tue Mar 10 22:43:31 2026
] REPLICA
[Tue Mar 10 22:43:38 2026
] GET city
[Tue Mar 10 22:44:39 2026
] SET name ss
[Tue Mar 10 22:44:45 2026
] GET name
[Tue Mar 10 22:50:57 2026
] SET name govinda
[Tue Mar 10 22:52:34 2026
] REPLICA
[Tue Mar 10 22:52:42 2026
] GET name
[Tue Mar 10 22:53:03 2026
] SET name govinda
[Tue Mar 10 22:53:15 2026
] GET name
[Tue Mar 10 22:53:24 2026
] GET name
[Tue Mar 10 22:53:57 2026
] GET city
[Tue Mar 10 22:55:31 2026
] INFO
[Tue Mar 10 22:56:21 2026
] SET rr hyd
[Tue Mar 10 22:56:33 2026
] GET rr
[Tue Mar 10 22:56:36 2026
] GET rr
[Tue Mar 10 23:03:57 2026
] REPLICA
[Tue Mar 10 23:04:27 2026
] SET name ramu
[Tue Mar 10 23:04:49 2026
] GET name
